2023-04-06 10:29:25,318 [Worker-3: Loading available Gradle versions] INFO  o.e.b.c.i.u.g.PublishedGradleVersions - Gradle version information cache is up-to-date. Trying to read.
2023-04-06 10:32:08,951 [Worker-3: Loading available Gradle versions] INFO  o.e.b.c.i.u.g.PublishedGradleVersions - Gradle version information cache is up-to-date. Trying to read.
2023-04-07 11:54:50,184 [Worker-6: Loading available Gradle versions] INFO  o.e.b.c.i.u.g.PublishedGradleVersions - Gradle version information cache is up-to-date. Trying to read.
2023-04-08 10:44:23,133 [Worker-10: Loading available Gradle versions] INFO  o.e.b.c.i.u.g.PublishedGradleVersions - Gradle version information cache is up-to-date. Trying to read.
2023-04-10 11:29:40,397 [Worker-9: Loading available Gradle versions] INFO  o.e.b.c.i.u.g.PublishedGradleVersions - Gradle version information cache is up-to-date. Trying to read.
2023-04-11 10:52:27,092 [Worker-11: Loading available Gradle versions] INFO  o.e.b.c.i.u.g.PublishedGradleVersions - Gradle version information cache is out-of-date. Trying to update.
2023-04-12 10:47:30,174 [Worker-17: Loading available Gradle versions] INFO  o.e.b.c.i.u.g.PublishedGradleVersions - Gradle version information cache is up-to-date. Trying to read.
2023-04-13 11:14:16,611 [Worker-21: Loading available Gradle versions] INFO  o.e.b.c.i.u.g.PublishedGradleVersions - Gradle version information cache is out-of-date. Trying to update.
2023-04-14 10:39:18,889 [Worker-16: Loading available Gradle versions] INFO  o.e.b.c.i.u.g.PublishedGradleVersions - Gradle version information cache is up-to-date. Trying to read.
2023-04-15 10:26:51,647 [Worker-2: Loading available Gradle versions] INFO  o.e.b.c.i.u.g.PublishedGradleVersions - Gradle version information cache is up-to-date. Trying to read.
2023-04-17 10:30:07,142 [Worker-10: Loading available Gradle versions] INFO  o.e.b.c.i.u.g.PublishedGradleVersions - Gradle version information cache is out-of-date. Trying to update.
2023-04-18 10:35:28,999 [Worker-23: Loading available Gradle versions] INFO  o.e.b.c.i.u.g.PublishedGradleVersions - Gradle version information cache is out-of-date. Trying to update.
2023-04-20 10:32:17,474 [Worker-16: Loading available Gradle versions] INFO  o.e.b.c.i.u.g.PublishedGradleVersions - Gradle version information cache is out-of-date. Trying to update.
2023-05-14 17:39:58,472 [Worker-20: Loading available Gradle versions] INFO  o.e.b.c.i.u.g.PublishedGradleVersions - Gradle version information cache is out-of-date. Trying to update.
2023-05-22 09:44:25,259 [Worker-1: Loading available Gradle versions] INFO  o.e.b.c.i.u.g.PublishedGradleVersions - Gradle version information cache is out-of-date. Trying to update.
2023-05-22 09:57:51,400 [Worker-25: Launching mavenrun-139e47e0-faee-4114-b66f-8242df2f0e41] INFO  o.eclipse.m2e.core.internal.Bundles - getClasspathEntries(Bundle=org.eclipse.m2e.maven.runtime_3.8.604.20221130-2149 [1586])
2023-05-22 09:57:51,422 [Worker-25: Launching mavenrun-139e47e0-faee-4114-b66f-8242df2f0e41] INFO  o.eclipse.m2e.core.internal.Bundles - 	Entry: C:\Users\Dhananjay\.p2\pool\plugins\org.eclipse.m2e.maven.runtime_3.8.604.20221130-2149
2023-05-22 09:57:51,423 [Worker-25: Launching mavenrun-139e47e0-faee-4114-b66f-8242df2f0e41] INFO  o.eclipse.m2e.core.internal.Bundles - 	Entry: C:\Users\Dhananjay\.p2\pool\plugins\org.eclipse.m2e.maven.runtime_3.8.604.20221130-2149\jars\aether-connector-okhttp-0.17.8.jar
2023-05-22 09:57:51,423 [Worker-25: Launching mavenrun-139e47e0-faee-4114-b66f-8242df2f0e41] INFO  o.eclipse.m2e.core.internal.Bundles - 	Entry: C:\Users\Dhananjay\.p2\pool\plugins\org.eclipse.m2e.maven.runtime_3.8.604.20221130-2149\jars\commons-cli-1.4.jar
2023-05-22 09:57:51,423 [Worker-25: Launching mavenrun-139e47e0-faee-4114-b66f-8242df2f0e41] INFO  o.eclipse.m2e.core.internal.Bundles - 	Entry: C:\Users\Dhananjay\.p2\pool\plugins\org.eclipse.m2e.maven.runtime_3.8.604.20221130-2149\jars\commons-io-2.6.jar
2023-05-22 09:57:51,423 [Worker-25: Launching mavenrun-139e47e0-faee-4114-b66f-8242df2f0e41] INFO  o.eclipse.m2e.core.internal.Bundles - 	Entry: C:\Users\Dhananjay\.p2\pool\plugins\org.eclipse.m2e.maven.runtime_3.8.604.20221130-2149\jars\commons-lang3-3.8.1.jar
2023-05-22 09:57:51,534 [Worker-25: Launching mavenrun-139e47e0-faee-4114-b66f-8242df2f0e41] INFO  o.eclipse.m2e.core.internal.Bundles - 	Entry: C:\Users\Dhananjay\.p2\pool\plugins\org.eclipse.m2e.maven.runtime_3.8.604.20221130-2149\jars\guice-4.2.2-no_aop.jar
2023-05-22 09:57:51,534 [Worker-25: Launching mavenrun-139e47e0-faee-4114-b66f-8242df2f0e41] INFO  o.eclipse.m2e.core.internal.Bundles - 	Entry: C:\Users\Dhananjay\.p2\pool\plugins\org.eclipse.m2e.maven.runtime_3.8.604.20221130-2149\jars\jansi-2.4.0.jar
2023-05-22 09:57:51,534 [Worker-25: Launching mavenrun-139e47e0-faee-4114-b66f-8242df2f0e41] INFO  o.eclipse.m2e.core.internal.Bundles - 	Entry: C:\Users\Dhananjay\.p2\pool\plugins\org.eclipse.m2e.maven.runtime_3.8.604.20221130-2149\jars\maven-artifact-3.8.6.jar
2023-05-22 09:57:51,535 [Worker-25: Launching mavenrun-139e47e0-faee-4114-b66f-8242df2f0e41] INFO  o.eclipse.m2e.core.internal.Bundles - 	Entry: C:\Users\Dhananjay\.p2\pool\plugins\org.eclipse.m2e.maven.runtime_3.8.604.20221130-2149\jars\maven-builder-support-3.8.6.jar
2023-05-22 09:57:51,535 [Worker-25: Launching mavenrun-139e47e0-faee-4114-b66f-8242df2f0e41] INFO  o.eclipse.m2e.core.internal.Bundles - 	Entry: C:\Users\Dhananjay\.p2\pool\plugins\org.eclipse.m2e.maven.runtime_3.8.604.20221130-2149\jars\maven-compat-3.8.6.jar
2023-05-22 09:57:51,535 [Worker-25: Launching mavenrun-139e47e0-faee-4114-b66f-8242df2f0e41] INFO  o.eclipse.m2e.core.internal.Bundles - 	Entry: C:\Users\Dhananjay\.p2\pool\plugins\org.eclipse.m2e.maven.runtime_3.8.604.20221130-2149\jars\maven-core-3.8.6.jar
2023-05-22 09:57:51,535 [Worker-25: Launching mavenrun-139e47e0-faee-4114-b66f-8242df2f0e41] INFO  o.eclipse.m2e.core.internal.Bundles - 	Entry: C:\Users\Dhananjay\.p2\pool\plugins\org.eclipse.m2e.maven.runtime_3.8.604.20221130-2149\jars\maven-embedder-3.8.6.jar
2023-05-22 09:57:51,535 [Worker-25: Launching mavenrun-139e47e0-faee-4114-b66f-8242df2f0e41] INFO  o.eclipse.m2e.core.internal.Bundles - 	Entry: C:\Users\Dhananjay\.p2\pool\plugins\org.eclipse.m2e.maven.runtime_3.8.604.20221130-2149\jars\maven-model-3.8.6.jar
2023-05-22 09:57:51,535 [Worker-25: Launching mavenrun-139e47e0-faee-4114-b66f-8242df2f0e41] INFO  o.eclipse.m2e.core.internal.Bundles - 	Entry: C:\Users\Dhananjay\.p2\pool\plugins\org.eclipse.m2e.maven.runtime_3.8.604.20221130-2149\jars\maven-model-builder-3.8.6.jar
2023-05-22 09:57:51,535 [Worker-25: Launching mavenrun-139e47e0-faee-4114-b66f-8242df2f0e41] INFO  o.eclipse.m2e.core.internal.Bundles - 	Entry: C:\Users\Dhananjay\.p2\pool\plugins\org.eclipse.m2e.maven.runtime_3.8.604.20221130-2149\jars\maven-plugin-api-3.8.6.jar
2023-05-22 09:57:51,535 [Worker-25: Launching mavenrun-139e47e0-faee-4114-b66f-8242df2f0e41] INFO  o.eclipse.m2e.core.internal.Bundles - 	Entry: C:\Users\Dhananjay\.p2\pool\plugins\org.eclipse.m2e.maven.runtime_3.8.604.20221130-2149\jars\maven-repository-metadata-3.8.6.jar
2023-05-22 09:57:51,535 [Worker-25: Launching mavenrun-139e47e0-faee-4114-b66f-8242df2f0e41] INFO  o.eclipse.m2e.core.internal.Bundles - 	Entry: C:\Users\Dhananjay\.p2\pool\plugins\org.eclipse.m2e.maven.runtime_3.8.604.20221130-2149\jars\maven-resolver-api-1.6.3.jar
2023-05-22 09:57:51,535 [Worker-25: Launching mavenrun-139e47e0-faee-4114-b66f-8242df2f0e41] INFO  o.eclipse.m2e.core.internal.Bundles - 	Entry: C:\Users\Dhananjay\.p2\pool\plugins\org.eclipse.m2e.maven.runtime_3.8.604.20221130-2149\jars\maven-resolver-connector-basic-1.6.3.jar
2023-05-22 09:57:51,535 [Worker-25: Launching mavenrun-139e47e0-faee-4114-b66f-8242df2f0e41] INFO  o.eclipse.m2e.core.internal.Bundles - 	Entry: C:\Users\Dhananjay\.p2\pool\plugins\org.eclipse.m2e.maven.runtime_3.8.604.20221130-2149\jars\maven-resolver-impl-1.6.3.jar
2023-05-22 09:57:51,535 [Worker-25: Launching mavenrun-139e47e0-faee-4114-b66f-8242df2f0e41] INFO  o.eclipse.m2e.core.internal.Bundles - 	Entry: C:\Users\Dhananjay\.p2\pool\plugins\org.eclipse.m2e.maven.runtime_3.8.604.20221130-2149\jars\maven-resolver-provider-3.8.6.jar
2023-05-22 09:57:51,535 [Worker-25: Launching mavenrun-139e47e0-faee-4114-b66f-8242df2f0e41] INFO  o.eclipse.m2e.core.internal.Bundles - 	Entry: C:\Users\Dhananjay\.p2\pool\plugins\org.eclipse.m2e.maven.runtime_3.8.604.20221130-2149\jars\maven-resolver-spi-1.6.3.jar
2023-05-22 09:57:51,536 [Worker-25: Launching mavenrun-139e47e0-faee-4114-b66f-8242df2f0e41] INFO  o.eclipse.m2e.core.internal.Bundles - 	Entry: C:\Users\Dhananjay\.p2\pool\plugins\org.eclipse.m2e.maven.runtime_3.8.604.20221130-2149\jars\maven-resolver-transport-wagon-1.6.3.jar
2023-05-22 09:57:51,536 [Worker-25: Launching mavenrun-139e47e0-faee-4114-b66f-8242df2f0e41] INFO  o.eclipse.m2e.core.internal.Bundles - 	Entry: C:\Users\Dhananjay\.p2\pool\plugins\org.eclipse.m2e.maven.runtime_3.8.604.20221130-2149\jars\maven-resolver-util-1.6.3.jar
2023-05-22 09:57:51,536 [Worker-25: Launching mavenrun-139e47e0-faee-4114-b66f-8242df2f0e41] INFO  o.eclipse.m2e.core.internal.Bundles - 	Entry: C:\Users\Dhananjay\.p2\pool\plugins\org.eclipse.m2e.maven.runtime_3.8.604.20221130-2149\jars\maven-settings-3.8.6.jar
2023-05-22 09:57:51,536 [Worker-25: Launching mavenrun-139e47e0-faee-4114-b66f-8242df2f0e41] INFO  o.eclipse.m2e.core.internal.Bundles - 	Entry: C:\Users\Dhananjay\.p2\pool\plugins\org.eclipse.m2e.maven.runtime_3.8.604.20221130-2149\jars\maven-settings-builder-3.8.6.jar
2023-05-22 09:57:51,536 [Worker-25: Launching mavenrun-139e47e0-faee-4114-b66f-8242df2f0e41] INFO  o.eclipse.m2e.core.internal.Bundles - 	Entry: C:\Users\Dhananjay\.p2\pool\plugins\org.eclipse.m2e.maven.runtime_3.8.604.20221130-2149\jars\maven-shared-utils-3.3.4.jar
2023-05-22 09:57:51,536 [Worker-25: Launching mavenrun-139e47e0-faee-4114-b66f-8242df2f0e41] INFO  o.eclipse.m2e.core.internal.Bundles - 	Entry: C:\Users\Dhananjay\.p2\pool\plugins\org.eclipse.m2e.maven.runtime_3.8.604.20221130-2149\jars\okhttp-3.14.1.jar
2023-05-22 09:57:51,536 [Worker-25: Launching mavenrun-139e47e0-faee-4114-b66f-8242df2f0e41] INFO  o.eclipse.m2e.core.internal.Bundles - 	Entry: C:\Users\Dhananjay\.p2\pool\plugins\org.eclipse.m2e.maven.runtime_3.8.604.20221130-2149\jars\okio-1.17.3.jar
2023-05-22 09:57:51,536 [Worker-25: Launching mavenrun-139e47e0-faee-4114-b66f-8242df2f0e41] INFO  o.eclipse.m2e.core.internal.Bundles - 	Entry: C:\Users\Dhananjay\.p2\pool\plugins\org.eclipse.m2e.maven.runtime_3.8.604.20221130-2149\jars\org.eclipse.sisu.inject-0.3.5.jar
2023-05-22 09:57:51,536 [Worker-25: Launching mavenrun-139e47e0-faee-4114-b66f-8242df2f0e41] INFO  o.eclipse.m2e.core.internal.Bundles - 	Entry: C:\Users\Dhananjay\.p2\pool\plugins\org.eclipse.m2e.maven.runtime_3.8.604.20221130-2149\jars\org.eclipse.sisu.plexus-0.3.5.jar
2023-05-22 09:57:51,536 [Worker-25: Launching mavenrun-139e47e0-faee-4114-b66f-8242df2f0e41] INFO  o.eclipse.m2e.core.internal.Bundles - 	Entry: C:\Users\Dhananjay\.p2\pool\plugins\org.eclipse.m2e.maven.runtime_3.8.604.20221130-2149\jars\plexus-build-api-0.0.7.jar
2023-05-22 09:57:51,536 [Worker-25: Launching mavenrun-139e47e0-faee-4114-b66f-8242df2f0e41] INFO  o.eclipse.m2e.core.internal.Bundles - 	Entry: C:\Users\Dhananjay\.p2\pool\plugins\org.eclipse.m2e.maven.runtime_3.8.604.20221130-2149\jars\plexus-cipher-2.0.jar
2023-05-22 09:57:51,536 [Worker-25: Launching mavenrun-139e47e0-faee-4114-b66f-8242df2f0e41] INFO  o.eclipse.m2e.core.internal.Bundles - 	Entry: C:\Users\Dhananjay\.p2\pool\plugins\org.eclipse.m2e.maven.runtime_3.8.604.20221130-2149\jars\plexus-classworlds-2.6.0.jar
2023-05-22 09:57:51,536 [Worker-25: Launching mavenrun-139e47e0-faee-4114-b66f-8242df2f0e41] INFO  o.eclipse.m2e.core.internal.Bundles - 	Entry: C:\Users\Dhananjay\.p2\pool\plugins\org.eclipse.m2e.maven.runtime_3.8.604.20221130-2149\jars\plexus-component-annotations-2.1.0.jar
2023-05-22 09:57:51,536 [Worker-25: Launching mavenrun-139e47e0-faee-4114-b66f-8242df2f0e41] INFO  o.eclipse.m2e.core.internal.Bundles - 	Entry: C:\Users\Dhananjay\.p2\pool\plugins\org.eclipse.m2e.maven.runtime_3.8.604.20221130-2149\jars\plexus-interpolation-1.26.jar
2023-05-22 09:57:51,537 [Worker-25: Launching mavenrun-139e47e0-faee-4114-b66f-8242df2f0e41] INFO  o.eclipse.m2e.core.internal.Bundles - 	Entry: C:\Users\Dhananjay\.p2\pool\plugins\org.eclipse.m2e.maven.runtime_3.8.604.20221130-2149\jars\plexus-sec-dispatcher-2.0.jar
2023-05-22 09:57:51,537 [Worker-25: Launching mavenrun-139e47e0-faee-4114-b66f-8242df2f0e41] INFO  o.eclipse.m2e.core.internal.Bundles - 	Entry: C:\Users\Dhananjay\.p2\pool\plugins\org.eclipse.m2e.maven.runtime_3.8.604.20221130-2149\jars\plexus-utils-3.3.1.jar
2023-05-22 09:57:51,537 [Worker-25: Launching mavenrun-139e47e0-faee-4114-b66f-8242df2f0e41] INFO  o.eclipse.m2e.core.internal.Bundles - 	Entry: C:\Users\Dhananjay\.p2\pool\plugins\org.eclipse.m2e.maven.runtime_3.8.604.20221130-2149\jars\wagon-file-3.5.1.jar
2023-05-22 09:57:51,537 [Worker-25: Launching mavenrun-139e47e0-faee-4114-b66f-8242df2f0e41] INFO  o.eclipse.m2e.core.internal.Bundles - 	Entry: C:\Users\Dhananjay\.p2\pool\plugins\org.eclipse.m2e.maven.runtime_3.8.604.20221130-2149\jars\wagon-provider-api-3.5.1.jar
2023-05-22 09:57:51,539 [Worker-25: Launching mavenrun-139e47e0-faee-4114-b66f-8242df2f0e41] INFO  o.eclipse.m2e.core.internal.Bundles - getClasspathEntries(Bundle=com.google.guava_30.1.0.v20221112-0806 [944])
2023-05-22 09:57:51,541 [Worker-25: Launching mavenrun-139e47e0-faee-4114-b66f-8242df2f0e41] INFO  o.eclipse.m2e.core.internal.Bundles - 	Entry: C:\Users\Dhananjay\.p2\pool\plugins\com.google.guava_30.1.0.v20221112-0806.jar
2023-05-22 09:57:51,541 [Worker-25: Launching mavenrun-139e47e0-faee-4114-b66f-8242df2f0e41] INFO  o.eclipse.m2e.core.internal.Bundles - getClasspathEntries(Bundle=slf4j.api_1.7.36 [1664])
2023-05-22 09:57:51,542 [Worker-25: Launching mavenrun-139e47e0-faee-4114-b66f-8242df2f0e41] INFO  o.eclipse.m2e.core.internal.Bundles - 	Entry: C:\Users\Dhananjay\.p2\pool\plugins\slf4j.api_1.7.36.jar
2023-05-22 09:57:51,542 [Worker-25: Launching mavenrun-139e47e0-faee-4114-b66f-8242df2f0e41] INFO  o.eclipse.m2e.core.internal.Bundles - getClasspathEntries(Bundle=javax.inject_1.0.0.v20220405-0441 [959])
2023-05-22 09:57:51,544 [Worker-25: Launching mavenrun-139e47e0-faee-4114-b66f-8242df2f0e41] INFO  o.eclipse.m2e.core.internal.Bundles - 	Entry: C:\Users\Dhananjay\.p2\pool\plugins\javax.inject_1.0.0.v20220405-0441.jar
2023-05-22 09:57:51,544 [Worker-25: Launching mavenrun-139e47e0-faee-4114-b66f-8242df2f0e41] INFO  o.eclipse.m2e.core.internal.Bundles - getClasspathEntries(Bundle=javax.annotation_1.3.5.v20221112-0806 [1455])
2023-05-22 09:57:51,546 [Worker-25: Launching mavenrun-139e47e0-faee-4114-b66f-8242df2f0e41] INFO  o.eclipse.m2e.core.internal.Bundles - 	Entry: C:\Users\Dhananjay\.p2\pool\plugins\javax.annotation_1.3.5.v20221112-0806.jar
2023-05-22 09:57:51,549 [Worker-25: Launching mavenrun-139e47e0-faee-4114-b66f-8242df2f0e41] INFO  o.e.m.i.launch.MavenLaunchDelegate - Run build in "C:\Users\Dhananjay\AppData\Local\Temp\m2e-archetypeGenerator16279537723925951977":
2023-05-22 09:57:51,551 [Worker-25: Launching mavenrun-139e47e0-faee-4114-b66f-8242df2f0e41] INFO  o.e.m.i.launch.MavenLaunchDelegate -  mvn  -DarchetypeGroupId=org.apache.maven.archetypes -DarchetypeArtifactId=maven-archetype-quickstart -DarchetypeVersion=1.4 -DgroupId=com.jspiders -DartifactId=hibernate -Dversion=0.0.1-SNAPSHOT -Dpackage=com.jspiders.hibernate -DoutputDirectory=D:\WEJM5 -B -Dstyle.color=always -U archetype:generate
2023-05-22 09:58:06,041 [Worker-24: Creating maven-archetype-quickstart] INFO  o.e.m.c.i.p.ProjectConfigurationManager - Collecting project info '/pom.xml' D:\WEJM5\hibernate\pom.xml
2023-05-22 09:58:09,704 [Worker-24: Creating maven-archetype-quickstart] INFO  o.e.m.c.i.l.LifecycleMappingFactory - Using org.eclipse.m2e.jdt.JarLifecycleMapping lifecycle mapping for MavenProject: com.jspiders:hibernate:0.0.1-SNAPSHOT @ D:\WEJM5\hibernate\pom.xml.
2023-05-22 09:58:11,544 [Worker-24: Creating maven-archetype-quickstart] INFO  o.e.m.j.i.AbstractJavaProjectConfigurator - Adding source folder /hibernate/src/main/java
2023-05-22 09:58:11,554 [Worker-24: Creating maven-archetype-quickstart] INFO  o.e.m.j.i.AbstractJavaProjectConfigurator - Adding source folder /hibernate/src/test/java
2023-05-22 09:58:12,050 [Worker-24: Creating maven-archetype-quickstart] INFO  o.e.m.c.i.p.ProjectConfigurationManager - Imported and configured 1 project(s) in 6 sec
2023-05-22 09:58:12,513 [Worker-25: Building] INFO  o.e.m.c.i.embedder.EclipseLogger - Using 'UTF-8' encoding to copy filtered resources.
2023-05-22 09:58:12,513 [Worker-25: Building] INFO  o.e.m.c.i.embedder.EclipseLogger - skip non existing resourceDirectory D:\WEJM5\hibernate\src\main\resources
2023-05-22 09:58:12,518 [Worker-25: Building] INFO  o.e.m.c.i.embedder.EclipseLogger - Using 'UTF-8' encoding to copy filtered resources.
2023-05-22 09:58:12,518 [Worker-25: Building] INFO  o.e.m.c.i.embedder.EclipseLogger - skip non existing resourceDirectory D:\WEJM5\hibernate\src\test\resources
2023-05-22 09:58:38,096 [Worker-25: Building] INFO  o.e.m.c.i.embedder.EclipseLogger - Using 'UTF-8' encoding to copy filtered resources.
2023-05-22 09:58:38,096 [Worker-25: Building] INFO  o.e.m.c.i.embedder.EclipseLogger - skip non existing resourceDirectory D:\WEJM5\hibernate\src\main\resources
2023-05-22 09:58:38,098 [Worker-25: Building] INFO  o.e.m.c.i.embedder.EclipseLogger - Using 'UTF-8' encoding to copy filtered resources.
2023-05-22 09:58:38,099 [Worker-25: Building] INFO  o.e.m.c.i.embedder.EclipseLogger - skip non existing resourceDirectory D:\WEJM5\hibernate\src\test\resources
2023-05-22 09:58:40,954 [Worker-23: Building] INFO  o.e.m.c.i.embedder.EclipseLogger - Using 'UTF-8' encoding to copy filtered resources.
2023-05-22 09:58:40,954 [Worker-23: Building] INFO  o.e.m.c.i.embedder.EclipseLogger - skip non existing resourceDirectory D:\WEJM5\hibernate\src\main\resources
2023-05-22 09:58:40,957 [Worker-23: Building] INFO  o.e.m.c.i.embedder.EclipseLogger - Using 'UTF-8' encoding to copy filtered resources.
2023-05-22 09:58:40,957 [Worker-23: Building] INFO  o.e.m.c.i.embedder.EclipseLogger - skip non existing resourceDirectory D:\WEJM5\hibernate\src\test\resources
2023-05-22 09:58:41,198 [Worker-8: Building Project hibernate] INFO  o.e.m.c.i.embedder.EclipseLogger - Using 'UTF-8' encoding to copy filtered resources.
2023-05-22 09:58:41,198 [Worker-8: Building Project hibernate] INFO  o.e.m.c.i.embedder.EclipseLogger - skip non existing resourceDirectory D:\WEJM5\hibernate\src\main\resources
2023-05-22 09:58:41,202 [Worker-8: Building Project hibernate] INFO  o.e.m.c.i.embedder.EclipseLogger - Using 'UTF-8' encoding to copy filtered resources.
2023-05-22 09:58:41,202 [Worker-8: Building Project hibernate] INFO  o.e.m.c.i.embedder.EclipseLogger - skip non existing resourceDirectory D:\WEJM5\hibernate\src\test\resources
2023-05-22 09:58:49,661 [Worker-7: Building Project hibernate] INFO  o.e.m.c.i.embedder.EclipseLogger - Using 'UTF-8' encoding to copy filtered resources.
2023-05-22 09:58:49,661 [Worker-7: Building Project hibernate] INFO  o.e.m.c.i.embedder.EclipseLogger - skip non existing resourceDirectory D:\WEJM5\hibernate\src\main\resources
2023-05-22 09:58:49,664 [Worker-7: Building Project hibernate] INFO  o.e.m.c.i.embedder.EclipseLogger - Using 'UTF-8' encoding to copy filtered resources.
2023-05-22 09:58:49,664 [Worker-7: Building Project hibernate] INFO  o.e.m.c.i.embedder.EclipseLogger - skip non existing resourceDirectory D:\WEJM5\hibernate\src\test\resources
2023-05-22 09:59:08,306 [Worker-8: Building] INFO  o.e.m.c.i.l.LifecycleMappingFactory - Using org.eclipse.m2e.jdt.JarLifecycleMapping lifecycle mapping for MavenProject: com.jspiders:hibernate:0.0.1-SNAPSHOT @ D:\WEJM5\hibernate\pom.xml.
2023-05-22 09:59:08,584 [Worker-8: Building] INFO  o.e.m.c.i.embedder.EclipseLogger - Using 'UTF-8' encoding to copy filtered resources.
2023-05-22 09:59:08,585 [Worker-8: Building] INFO  o.e.m.c.i.embedder.EclipseLogger - skip non existing resourceDirectory D:\WEJM5\hibernate\src\main\resources
2023-05-22 09:59:08,587 [Worker-8: Building] INFO  o.e.m.c.i.embedder.EclipseLogger - Using 'UTF-8' encoding to copy filtered resources.
2023-05-22 09:59:08,587 [Worker-8: Building] INFO  o.e.m.c.i.embedder.EclipseLogger - skip non existing resourceDirectory D:\WEJM5\hibernate\src\test\resources
2023-05-22 10:01:04,253 [Worker-8: Building] INFO  o.e.m.c.i.l.LifecycleMappingFactory - Using org.eclipse.m2e.jdt.JarLifecycleMapping lifecycle mapping for MavenProject: com.jspiders:hibernate:0.0.1-SNAPSHOT @ D:\WEJM5\hibernate\pom.xml.
2023-05-22 10:01:05,330 [Worker-8: Building] INFO  o.e.m.c.i.embedder.EclipseLogger - Using 'UTF-8' encoding to copy filtered resources.
2023-05-22 10:01:05,331 [Worker-8: Building] INFO  o.e.m.c.i.embedder.EclipseLogger - skip non existing resourceDirectory D:\WEJM5\hibernate\src\main\resources
2023-05-22 10:01:05,335 [Worker-8: Building] INFO  o.e.m.c.i.embedder.EclipseLogger - Using 'UTF-8' encoding to copy filtered resources.
2023-05-22 10:01:05,335 [Worker-8: Building] INFO  o.e.m.c.i.embedder.EclipseLogger - skip non existing resourceDirectory D:\WEJM5\hibernate\src\test\resources
2023-05-22 10:01:06,600 [Worker-24: Building] INFO  o.e.m.c.i.embedder.EclipseLogger - Using 'UTF-8' encoding to copy filtered resources.
2023-05-22 10:01:06,600 [Worker-24: Building] INFO  o.e.m.c.i.embedder.EclipseLogger - skip non existing resourceDirectory D:\WEJM5\hibernate\src\main\resources
2023-05-22 10:01:06,603 [Worker-24: Building] INFO  o.e.m.c.i.embedder.EclipseLogger - Using 'UTF-8' encoding to copy filtered resources.
2023-05-22 10:01:06,603 [Worker-24: Building] INFO  o.e.m.c.i.embedder.EclipseLogger - skip non existing resourceDirectory D:\WEJM5\hibernate\src\test\resources
2023-05-22 10:01:14,883 [Worker-23: Building] INFO  o.e.m.c.i.embedder.EclipseLogger - Using 'UTF-8' encoding to copy filtered resources.
2023-05-22 10:01:14,884 [Worker-23: Building] INFO  o.e.m.c.i.embedder.EclipseLogger - skip non existing resourceDirectory D:\WEJM5\hibernate\src\main\resources
2023-05-22 10:01:14,888 [Worker-23: Building] INFO  o.e.m.c.i.embedder.EclipseLogger - Using 'UTF-8' encoding to copy filtered resources.
2023-05-22 10:01:14,888 [Worker-23: Building] INFO  o.e.m.c.i.embedder.EclipseLogger - skip non existing resourceDirectory D:\WEJM5\hibernate\src\test\resources
2023-05-22 10:01:20,965 [Worker-25: Building] INFO  o.e.m.c.i.embedder.EclipseLogger - Using 'UTF-8' encoding to copy filtered resources.
2023-05-22 10:01:20,965 [Worker-25: Building] INFO  o.e.m.c.i.embedder.EclipseLogger - skip non existing resourceDirectory D:\WEJM5\hibernate\src\main\resources
2023-05-22 10:01:20,968 [Worker-25: Building] INFO  o.e.m.c.i.embedder.EclipseLogger - Using 'UTF-8' encoding to copy filtered resources.
2023-05-22 10:01:20,968 [Worker-25: Building] INFO  o.e.m.c.i.embedder.EclipseLogger - skip non existing resourceDirectory D:\WEJM5\hibernate\src\test\resources
2023-05-22 10:01:33,067 [Worker-8: Building] INFO  o.e.m.c.i.embedder.EclipseLogger - Using 'UTF-8' encoding to copy filtered resources.
2023-05-22 10:01:33,067 [Worker-8: Building] INFO  o.e.m.c.i.embedder.EclipseLogger - skip non existing resourceDirectory D:\WEJM5\hibernate\src\main\resources
2023-05-22 10:01:33,070 [Worker-8: Building] INFO  o.e.m.c.i.embedder.EclipseLogger - Using 'UTF-8' encoding to copy filtered resources.
2023-05-22 10:01:33,070 [Worker-8: Building] INFO  o.e.m.c.i.embedder.EclipseLogger - skip non existing resourceDirectory D:\WEJM5\hibernate\src\test\resources
2023-05-22 10:01:43,982 [Worker-24: Building] INFO  o.e.m.c.i.embedder.EclipseLogger - Using 'UTF-8' encoding to copy filtered resources.
2023-05-22 10:01:43,982 [Worker-24: Building] INFO  o.e.m.c.i.embedder.EclipseLogger - skip non existing resourceDirectory D:\WEJM5\hibernate\src\main\resources
2023-05-22 10:01:43,985 [Worker-24: Building] INFO  o.e.m.c.i.embedder.EclipseLogger - Using 'UTF-8' encoding to copy filtered resources.
2023-05-22 10:01:43,985 [Worker-24: Building] INFO  o.e.m.c.i.embedder.EclipseLogger - skip non existing resourceDirectory D:\WEJM5\hibernate\src\test\resources
2023-05-22 10:01:57,127 [Worker-7: Building] INFO  o.e.m.c.i.embedder.EclipseLogger - Using 'UTF-8' encoding to copy filtered resources.
2023-05-22 10:01:57,138 [Worker-7: Building] INFO  o.e.m.c.i.embedder.EclipseLogger - Copying 0 resource
2023-05-22 10:01:57,140 [Worker-7: Building] INFO  o.e.m.c.i.embedder.EclipseLogger - Using 'UTF-8' encoding to copy filtered resources.
2023-05-22 10:01:57,140 [Worker-7: Building] INFO  o.e.m.c.i.embedder.EclipseLogger - skip non existing resourceDirectory D:\WEJM5\hibernate\src\test\resources
2023-05-22 10:02:06,354 [Worker-8: Building] INFO  o.e.m.c.i.embedder.EclipseLogger - Using 'UTF-8' encoding to copy filtered resources.
2023-05-22 10:02:06,357 [Worker-8: Building] INFO  o.e.m.c.i.embedder.EclipseLogger - Copying 0 resource
2023-05-22 10:02:06,360 [Worker-8: Building] INFO  o.e.m.c.i.embedder.EclipseLogger - Using 'UTF-8' encoding to copy filtered resources.
2023-05-22 10:02:06,361 [Worker-8: Building] INFO  o.e.m.c.i.embedder.EclipseLogger - skip non existing resourceDirectory D:\WEJM5\hibernate\src\test\resources
2023-05-22 10:02:18,031 [Worker-25: Building] INFO  o.e.m.c.i.embedder.EclipseLogger - Using 'UTF-8' encoding to copy filtered resources.
2023-05-22 10:02:18,031 [Worker-25: Building] INFO  o.e.m.c.i.embedder.EclipseLogger - Copying 1 resource
2023-05-22 10:02:18,036 [Worker-25: Building] INFO  o.e.m.c.i.embedder.EclipseLogger - Using 'UTF-8' encoding to copy filtered resources.
2023-05-22 10:02:18,036 [Worker-25: Building] INFO  o.e.m.c.i.embedder.EclipseLogger - skip non existing resourceDirectory D:\WEJM5\hibernate\src\test\resources
2023-05-22 10:03:41,080 [Worker-23: Building] INFO  o.e.m.c.i.embedder.EclipseLogger - Using 'UTF-8' encoding to copy filtered resources.
2023-05-22 10:03:41,080 [Worker-23: Building] INFO  o.e.m.c.i.embedder.EclipseLogger - Copying 1 resource
2023-05-22 10:03:41,082 [Worker-23: Building] INFO  o.e.m.c.i.embedder.EclipseLogger - Using 'UTF-8' encoding to copy filtered resources.
2023-05-22 10:03:41,082 [Worker-23: Building] INFO  o.e.m.c.i.embedder.EclipseLogger - skip non existing resourceDirectory D:\WEJM5\hibernate\src\test\resources
2023-05-22 10:05:16,171 [Worker-8: Building] INFO  o.e.m.c.i.embedder.EclipseLogger - Using 'UTF-8' encoding to copy filtered resources.
2023-05-22 10:05:16,172 [Worker-8: Building] INFO  o.e.m.c.i.embedder.EclipseLogger - Copying 1 resource
2023-05-22 10:05:16,177 [Worker-8: Building] INFO  o.e.m.c.i.embedder.EclipseLogger - Using 'UTF-8' encoding to copy filtered resources.
2023-05-22 10:05:16,177 [Worker-8: Building] INFO  o.e.m.c.i.embedder.EclipseLogger - skip non existing resourceDirectory D:\WEJM5\hibernate\src\test\resources
